■■■■■■■■■■■■■■■■■■■■■■■■■■■■■■■■■■■■■■■■■■■■■■■■■■■■■■■■■■■■■■■■■■■■■■■■■■■■■■■■■■■■■■■■■■■■■■■■■■■■■■■■■■■■■■■■■■■■■■■■

http://www.lyfingenieria.com
Diseño e integracion de tecnolgias electronicas y de computo.
e-mail: benny@lopez-fernandez.com
CONTACTO:
Ofc: 6622603825
Cel: 6623000946
■■■■■■■■■■■■■■■■■■■■■■■■■■■■■■■■■■■■■■■■■■■■■■■■■■■■■■■■■■■■■■■■■■■■■■■■■■■■■■■■■■■■■■■■■■■■■■■■■■■■■■■■■■■■■■■■■■■■■■■■
[13:18:01.2521-07:00] [OPEN] 
[13:18:01.2581-07:00] [STATUS-CHANGED] Dispensing
[13:18:03.5323-07:00] [DISPENSE] Dispensed: $10.00, Requested: $10.00, Remaing: $0.00
■■■■■■■■■■■■■■■■■■■■■■■■■■■■■■■■■■■■■■■■■■■■■■■■■■■■■■■■■■■■■■■■■■■■■■■■■■■■■■■■■■■■■■■■■■■■■■■■■■■■■■■■■■■■■■■■■■■■■■■■

http://www.lyfingenieria.com
Diseño e integracion de tecnolgias electronicas y de computo.
e-mail: benny@lopez-fernandez.com
CONTACTO:
Ofc: 6622603825
Cel: 6623000946
■■■■■■■■■■■■■■■■■■■■■■■■■■■■■■■■■■■■■■■■■■■■■■■■■■■■■■■■■■■■■■■■■■■■■■■■■■■■■■■■■■■■■■■■■■■■■■■■■■■■■■■■■■■■■■■■■■■■■■■■
[13:25:58.7037-07:00] [OPEN] 
■■■■■■■■■■■■■■■■■■■■■■■■■■■■■■■■■■■■■■■■■■■■■■■■■■■■■■■■■■■■■■■■■■■■■■■■■■■■■■■■■■■■■■■■■■■■■■■■■■■■■■■■■■■■■■■■■■■■■■■■

http://www.lyfingenieria.com
Diseño e integracion de tecnolgias electronicas y de computo.
e-mail: benny@lopez-fernandez.com
CONTACTO:
Ofc: 6622603825
Cel: 6623000946
■■■■■■■■■■■■■■■■■■■■■■■■■■■■■■■■■■■■■■■■■■■■■■■■■■■■■■■■■■■■■■■■■■■■■■■■■■■■■■■■■■■■■■■■■■■■■■■■■■■■■■■■■■■■■■■■■■■■■■■■
[13:54:41.2166-07:00] [OPEN] 
■■■■■■■■■■■■■■■■■■■■■■■■■■■■■■■■■■■■■■■■■■■■■■■■■■■■■■■■■■■■■■■■■■■■■■■■■■■■■■■■■■■■■■■■■■■■■■■■■■■■■■■■■■■■■■■■■■■■■■■■

http://www.lyfingenieria.com
Diseño e integracion de tecnolgias electronicas y de computo.
e-mail: benny@lopez-fernandez.com
CONTACTO:
Ofc: 6622603825
Cel: 6623000946
■■■■■■■■■■■■■■■■■■■■■■■■■■■■■■■■■■■■■■■■■■■■■■■■■■■■■■■■■■■■■■■■■■■■■■■■■■■■■■■■■■■■■■■■■■■■■■■■■■■■■■■■■■■■■■■■■■■■■■■■
[14:05:55.3138-07:00] [OPEN] 
■■■■■■■■■■■■■■■■■■■■■■■■■■■■■■■■■■■■■■■■■■■■■■■■■■■■■■■■■■■■■■■■■■■■■■■■■■■■■■■■■■■■■■■■■■■■■■■■■■■■■■■■■■■■■■■■■■■■■■■■

http://www.lyfingenieria.com
Diseño e integracion de tecnolgias electronicas y de computo.
e-mail: benny@lopez-fernandez.com
CONTACTO:
Ofc: 6622603825
Cel: 6623000946
■■■■■■■■■■■■■■■■■■■■■■■■■■■■■■■■■■■■■■■■■■■■■■■■■■■■■■■■■■■■■■■■■■■■■■■■■■■■■■■■■■■■■■■■■■■■■■■■■■■■■■■■■■■■■■■■■■■■■■■■
[14:06:40.4420-07:00] [OPEN] 
■■■■■■■■■■■■■■■■■■■■■■■■■■■■■■■■■■■■■■■■■■■■■■■■■■■■■■■■■■■■■■■■■■■■■■■■■■■■■■■■■■■■■■■■■■■■■■■■■■■■■■■■■■■■■■■■■■■■■■■■

http://www.lyfingenieria.com
Diseño e integracion de tecnolgias electronicas y de computo.
e-mail: benny@lopez-fernandez.com
CONTACTO:
Ofc: 6622603825
Cel: 6623000946
■■■■■■■■■■■■■■■■■■■■■■■■■■■■■■■■■■■■■■■■■■■■■■■■■■■■■■■■■■■■■■■■■■■■■■■■■■■■■■■■■■■■■■■■■■■■■■■■■■■■■■■■■■■■■■■■■■■■■■■■
[14:09:59.1331-07:00] [OPEN] 
■■■■■■■■■■■■■■■■■■■■■■■■■■■■■■■■■■■■■■■■■■■■■■■■■■■■■■■■■■■■■■■■■■■■■■■■■■■■■■■■■■■■■■■■■■■■■■■■■■■■■■■■■■■■■■■■■■■■■■■■

http://www.lyfingenieria.com
Diseño e integracion de tecnolgias electronicas y de computo.
e-mail: benny@lopez-fernandez.com
CONTACTO:
Ofc: 6622603825
Cel: 6623000946
■■■■■■■■■■■■■■■■■■■■■■■■■■■■■■■■■■■■■■■■■■■■■■■■■■■■■■■■■■■■■■■■■■■■■■■■■■■■■■■■■■■■■■■■■■■■■■■■■■■■■■■■■■■■■■■■■■■■■■■■
[14:59:11.1375-07:00] [OPEN] 
[14:59:26.4798-07:00] [ENABLE] 
[14:59:26.4818-07:00] [STATUS-CHANGED] Enabled
■■■■■■■■■■■■■■■■■■■■■■■■■■■■■■■■■■■■■■■■■■■■■■■■■■■■■■■■■■■■■■■■■■■■■■■■■■■■■■■■■■■■■■■■■■■■■■■■■■■■■■■■■■■■■■■■■■■■■■■■

http://www.lyfingenieria.com
Diseño e integracion de tecnolgias electronicas y de computo.
e-mail: benny@lopez-fernandez.com
CONTACTO:
Ofc: 6622603825
Cel: 6623000946
■■■■■■■■■■■■■■■■■■■■■■■■■■■■■■■■■■■■■■■■■■■■■■■■■■■■■■■■■■■■■■■■■■■■■■■■■■■■■■■■■■■■■■■■■■■■■■■■■■■■■■■■■■■■■■■■■■■■■■■■
[14:59:56.7150-07:00] [OPEN] 
[15:00:04.7441-07:00] [ENABLE] 
[15:00:04.7461-07:00] [STATUS-CHANGED] Enabled
[15:00:19.5914-07:00] [ENABLE] 
■■■■■■■■■■■■■■■■■■■■■■■■■■■■■■■■■■■■■■■■■■■■■■■■■■■■■■■■■■■■■■■■■■■■■■■■■■■■■■■■■■■■■■■■■■■■■■■■■■■■■■■■■■■■■■■■■■■■■■■■

http://www.lyfingenieria.com
Diseño e integracion de tecnolgias electronicas y de computo.
e-mail: benny@lopez-fernandez.com
CONTACTO:
Ofc: 6622603825
Cel: 6623000946
■■■■■■■■■■■■■■■■■■■■■■■■■■■■■■■■■■■■■■■■■■■■■■■■■■■■■■■■■■■■■■■■■■■■■■■■■■■■■■■■■■■■■■■■■■■■■■■■■■■■■■■■■■■■■■■■■■■■■■■■
[15:23:16.5972-07:00] [OPEN] 
[15:23:28.8382-07:00] [ENABLE] 
[15:23:28.8402-07:00] [STATUS-CHANGED] Enabled
[15:23:36.9572-07:00] [ENABLE] 
[15:23:42.1887-07:00] [ENABLE] 
■■■■■■■■■■■■■■■■■■■■■■■■■■■■■■■■■■■■■■■■■■■■■■■■■■■■■■■■■■■■■■■■■■■■■■■■■■■■■■■■■■■■■■■■■■■■■■■■■■■■■■■■■■■■■■■■■■■■■■■■

http://www.lyfingenieria.com
Diseño e integracion de tecnolgias electronicas y de computo.
e-mail: benny@lopez-fernandez.com
CONTACTO:
Ofc: 6622603825
Cel: 6623000946
■■■■■■■■■■■■■■■■■■■■■■■■■■■■■■■■■■■■■■■■■■■■■■■■■■■■■■■■■■■■■■■■■■■■■■■■■■■■■■■■■■■■■■■■■■■■■■■■■■■■■■■■■■■■■■■■■■■■■■■■
[15:52:52.5315-07:00] [OPEN] 
[15:52:59.6235-07:00] [ENABLE] 
[15:52:59.6255-07:00] [STATUS-CHANGED] Enabled
[15:53:02.5907-07:00] [ENABLE] 
[15:53:04.4954-07:00] [ENABLE] 
[15:53:09.5266-07:00] [ENABLE] 
[15:53:13.0474-07:00] [ENABLE] 
[15:53:16.2391-07:00] [ENABLE] 
■■■■■■■■■■■■■■■■■■■■■■■■■■■■■■■■■■■■■■■■■■■■■■■■■■■■■■■■■■■■■■■■■■■■■■■■■■■■■■■■■■■■■■■■■■■■■■■■■■■■■■■■■■■■■■■■■■■■■■■■

http://www.lyfingenieria.com
Diseño e integracion de tecnolgias electronicas y de computo.
e-mail: benny@lopez-fernandez.com
CONTACTO:
Ofc: 6622603825
Cel: 6623000946
■■■■■■■■■■■■■■■■■■■■■■■■■■■■■■■■■■■■■■■■■■■■■■■■■■■■■■■■■■■■■■■■■■■■■■■■■■■■■■■■■■■■■■■■■■■■■■■■■■■■■■■■■■■■■■■■■■■■■■■■
[16:52:49.0513-07:00] [OPEN] 
[16:52:57.4365-07:00] [ENABLE] 
[16:52:57.4375-07:00] [STATUS-CHANGED] Enabled
■■■■■■■■■■■■■■■■■■■■■■■■■■■■■■■■■■■■■■■■■■■■■■■■■■■■■■■■■■■■■■■■■■■■■■■■■■■■■■■■■■■■■■■■■■■■■■■■■■■■■■■■■■■■■■■■■■■■■■■■

http://www.lyfingenieria.com
Diseño e integracion de tecnolgias electronicas y de computo.
e-mail: benny@lopez-fernandez.com
CONTACTO:
Ofc: 6622603825
Cel: 6623000946
■■■■■■■■■■■■■■■■■■■■■■■■■■■■■■■■■■■■■■■■■■■■■■■■■■■■■■■■■■■■■■■■■■■■■■■■■■■■■■■■■■■■■■■■■■■■■■■■■■■■■■■■■■■■■■■■■■■■■■■■
[18:03:05.4679-07:00] [OPEN] 
[18:12:34.4144-07:00] [ENABLE] 
[18:12:34.4204-07:00] [STATUS-CHANGED] Enabled
■■■■■■■■■■■■■■■■■■■■■■■■■■■■■■■■■■■■■■■■■■■■■■■■■■■■■■■■■■■■■■■■■■■■■■■■■■■■■■■■■■■■■■■■■■■■■■■■■■■■■■■■■■■■■■■■■■■■■■■■

http://www.lyfingenieria.com
Diseño e integracion de tecnolgias electronicas y de computo.
e-mail: benny@lopez-fernandez.com
CONTACTO:
Ofc: 6622603825
Cel: 6623000946
■■■■■■■■■■■■■■■■■■■■■■■■■■■■■■■■■■■■■■■■■■■■■■■■■■■■■■■■■■■■■■■■■■■■■■■■■■■■■■■■■■■■■■■■■■■■■■■■■■■■■■■■■■■■■■■■■■■■■■■■
[18:21:40.3564-07:00] [OPEN] 
■■■■■■■■■■■■■■■■■■■■■■■■■■■■■■■■■■■■■■■■■■■■■■■■■■■■■■■■■■■■■■■■■■■■■■■■■■■■■■■■■■■■■■■■■■■■■■■■■■■■■■■■■■■■■■■■■■■■■■■■

http://www.lyfingenieria.com
Diseño e integracion de tecnolgias electronicas y de computo.
e-mail: benny@lopez-fernandez.com
CONTACTO:
Ofc: 6622603825
Cel: 6623000946
■■■■■■■■■■■■■■■■■■■■■■■■■■■■■■■■■■■■■■■■■■■■■■■■■■■■■■■■■■■■■■■■■■■■■■■■■■■■■■■■■■■■■■■■■■■■■■■■■■■■■■■■■■■■■■■■■■■■■■■■
[18:26:58.6240-07:00] [OPEN] 
■■■■■■■■■■■■■■■■■■■■■■■■■■■■■■■■■■■■■■■■■■■■■■■■■■■■■■■■■■■■■■■■■■■■■■■■■■■■■■■■■■■■■■■■■■■■■■■■■■■■■■■■■■■■■■■■■■■■■■■■

http://www.lyfingenieria.com
Diseño e integracion de tecnolgias electronicas y de computo.
e-mail: benny@lopez-fernandez.com
CONTACTO:
Ofc: 6622603825
Cel: 6623000946
■■■■■■■■■■■■■■■■■■■■■■■■■■■■■■■■■■■■■■■■■■■■■■■■■■■■■■■■■■■■■■■■■■■■■■■■■■■■■■■■■■■■■■■■■■■■■■■■■■■■■■■■■■■■■■■■■■■■■■■■
[18:29:11.8750-07:00] [OPEN] 
■■■■■■■■■■■■■■■■■■■■■■■■■■■■■■■■■■■■■■■■■■■■■■■■■■■■■■■■■■■■■■■■■■■■■■■■■■■■■■■■■■■■■■■■■■■■■■■■■■■■■■■■■■■■■■■■■■■■■■■■

http://www.lyfingenieria.com
Diseño e integracion de tecnolgias electronicas y de computo.
e-mail: benny@lopez-fernandez.com
CONTACTO:
Ofc: 6622603825
Cel: 6623000946
■■■■■■■■■■■■■■■■■■■■■■■■■■■■■■■■■■■■■■■■■■■■■■■■■■■■■■■■■■■■■■■■■■■■■■■■■■■■■■■■■■■■■■■■■■■■■■■■■■■■■■■■■■■■■■■■■■■■■■■■
[18:35:33.3629-07:00] [OPEN] 
■■■■■■■■■■■■■■■■■■■■■■■■■■■■■■■■■■■■■■■■■■■■■■■■■■■■■■■■■■■■■■■■■■■■■■■■■■■■■■■■■■■■■■■■■■■■■■■■■■■■■■■■■■■■■■■■■■■■■■■■

http://www.lyfingenieria.com
Diseño e integracion de tecnolgias electronicas y de computo.
e-mail: benny@lopez-fernandez.com
CONTACTO:
Ofc: 6622603825
Cel: 6623000946
■■■■■■■■■■■■■■■■■■■■■■■■■■■■■■■■■■■■■■■■■■■■■■■■■■■■■■■■■■■■■■■■■■■■■■■■■■■■■■■■■■■■■■■■■■■■■■■■■■■■■■■■■■■■■■■■■■■■■■■■
[18:36:45.1190-07:00] [OPEN] 
■■■■■■■■■■■■■■■■■■■■■■■■■■■■■■■■■■■■■■■■■■■■■■■■■■■■■■■■■■■■■■■■■■■■■■■■■■■■■■■■■■■■■■■■■■■■■■■■■■■■■■■■■■■■■■■■■■■■■■■■

http://www.lyfingenieria.com
Diseño e integracion de tecnolgias electronicas y de computo.
e-mail: benny@lopez-fernandez.com
CONTACTO:
Ofc: 6622603825
Cel: 6623000946
■■■■■■■■■■■■■■■■■■■■■■■■■■■■■■■■■■■■■■■■■■■■■■■■■■■■■■■■■■■■■■■■■■■■■■■■■■■■■■■■■■■■■■■■■■■■■■■■■■■■■■■■■■■■■■■■■■■■■■■■
[18:37:36.0074-07:00] [OPEN] 
■■■■■■■■■■■■■■■■■■■■■■■■■■■■■■■■■■■■■■■■■■■■■■■■■■■■■■■■■■■■■■■■■■■■■■■■■■■■■■■■■■■■■■■■■■■■■■■■■■■■■■■■■■■■■■■■■■■■■■■■

http://www.lyfingenieria.com
Diseño e integracion de tecnolgias electronicas y de computo.
e-mail: benny@lopez-fernandez.com
CONTACTO:
Ofc: 6622603825
Cel: 6623000946
■■■■■■■■■■■■■■■■■■■■■■■■■■■■■■■■■■■■■■■■■■■■■■■■■■■■■■■■■■■■■■■■■■■■■■■■■■■■■■■■■■■■■■■■■■■■■■■■■■■■■■■■■■■■■■■■■■■■■■■■
[18:38:31.5331-07:00] [OPEN] 
■■■■■■■■■■■■■■■■■■■■■■■■■■■■■■■■■■■■■■■■■■■■■■■■■■■■■■■■■■■■■■■■■■■■■■■■■■■■■■■■■■■■■■■■■■■■■■■■■■■■■■■■■■■■■■■■■■■■■■■■

http://www.lyfingenieria.com
Diseño e integracion de tecnolgias electronicas y de computo.
e-mail: benny@lopez-fernandez.com
CONTACTO:
Ofc: 6622603825
Cel: 6623000946
■■■■■■■■■■■■■■■■■■■■■■■■■■■■■■■■■■■■■■■■■■■■■■■■■■■■■■■■■■■■■■■■■■■■■■■■■■■■■■■■■■■■■■■■■■■■■■■■■■■■■■■■■■■■■■■■■■■■■■■■
[18:39:59.7936-07:00] [OPEN] 
■■■■■■■■■■■■■■■■■■■■■■■■■■■■■■■■■■■■■■■■■■■■■■■■■■■■■■■■■■■■■■■■■■■■■■■■■■■■■■■■■■■■■■■■■■■■■■■■■■■■■■■■■■■■■■■■■■■■■■■■

http://www.lyfingenieria.com
Diseño e integracion de tecnolgias electronicas y de computo.
e-mail: benny@lopez-fernandez.com
CONTACTO:
Ofc: 6622603825
Cel: 6623000946
■■■■■■■■■■■■■■■■■■■■■■■■■■■■■■■■■■■■■■■■■■■■■■■■■■■■■■■■■■■■■■■■■■■■■■■■■■■■■■■■■■■■■■■■■■■■■■■■■■■■■■■■■■■■■■■■■■■■■■■■
[18:41:15.7801-07:00] [OPEN] 
■■■■■■■■■■■■■■■■■■■■■■■■■■■■■■■■■■■■■■■■■■■■■■■■■■■■■■■■■■■■■■■■■■■■■■■■■■■■■■■■■■■■■■■■■■■■■■■■■■■■■■■■■■■■■■■■■■■■■■■■

http://www.lyfingenieria.com
Diseño e integracion de tecnolgias electronicas y de computo.
e-mail: benny@lopez-fernandez.com
CONTACTO:
Ofc: 6622603825
Cel: 6623000946
■■■■■■■■■■■■■■■■■■■■■■■■■■■■■■■■■■■■■■■■■■■■■■■■■■■■■■■■■■■■■■■■■■■■■■■■■■■■■■■■■■■■■■■■■■■■■■■■■■■■■■■■■■■■■■■■■■■■■■■■
[18:42:14.9882-07:00] [OPEN] 
■■■■■■■■■■■■■■■■■■■■■■■■■■■■■■■■■■■■■■■■■■■■■■■■■■■■■■■■■■■■■■■■■■■■■■■■■■■■■■■■■■■■■■■■■■■■■■■■■■■■■■■■■■■■■■■■■■■■■■■■

http://www.lyfingenieria.com
Diseño e integracion de tecnolgias electronicas y de computo.
e-mail: benny@lopez-fernandez.com
CONTACTO:
Ofc: 6622603825
Cel: 6623000946
■■■■■■■■■■■■■■■■■■■■■■■■■■■■■■■■■■■■■■■■■■■■■■■■■■■■■■■■■■■■■■■■■■■■■■■■■■■■■■■■■■■■■■■■■■■■■■■■■■■■■■■■■■■■■■■■■■■■■■■■
[18:43:27.2486-07:00] [OPEN] 
■■■■■■■■■■■■■■■■■■■■■■■■■■■■■■■■■■■■■■■■■■■■■■■■■■■■■■■■■■■■■■■■■■■■■■■■■■■■■■■■■■■■■■■■■■■■■■■■■■■■■■■■■■■■■■■■■■■■■■■■

http://www.lyfingenieria.com
Diseño e integracion de tecnolgias electronicas y de computo.
e-mail: benny@lopez-fernandez.com
CONTACTO:
Ofc: 6622603825
Cel: 6623000946
■■■■■■■■■■■■■■■■■■■■■■■■■■■■■■■■■■■■■■■■■■■■■■■■■■■■■■■■■■■■■■■■■■■■■■■■■■■■■■■■■■■■■■■■■■■■■■■■■■■■■■■■■■■■■■■■■■■■■■■■
[18:44:48.2015-07:00] [OPEN] 
■■■■■■■■■■■■■■■■■■■■■■■■■■■■■■■■■■■■■■■■■■■■■■■■■■■■■■■■■■■■■■■■■■■■■■■■■■■■■■■■■■■■■■■■■■■■■■■■■■■■■■■■■■■■■■■■■■■■■■■■

http://www.lyfingenieria.com
Diseño e integracion de tecnolgias electronicas y de computo.
e-mail: benny@lopez-fernandez.com
CONTACTO:
Ofc: 6622603825
Cel: 6623000946
■■■■■■■■■■■■■■■■■■■■■■■■■■■■■■■■■■■■■■■■■■■■■■■■■■■■■■■■■■■■■■■■■■■■■■■■■■■■■■■■■■■■■■■■■■■■■■■■■■■■■■■■■■■■■■■■■■■■■■■■
[19:01:19.2099-07:00] [OPEN] 
■■■■■■■■■■■■■■■■■■■■■■■■■■■■■■■■■■■■■■■■■■■■■■■■■■■■■■■■■■■■■■■■■■■■■■■■■■■■■■■■■■■■■■■■■■■■■■■■■■■■■■■■■■■■■■■■■■■■■■■■

http://www.lyfingenieria.com
Diseño e integracion de tecnolgias electronicas y de computo.
e-mail: benny@lopez-fernandez.com
CONTACTO:
Ofc: 6622603825
Cel: 6623000946
■■■■■■■■■■■■■■■■■■■■■■■■■■■■■■■■■■■■■■■■■■■■■■■■■■■■■■■■■■■■■■■■■■■■■■■■■■■■■■■■■■■■■■■■■■■■■■■■■■■■■■■■■■■■■■■■■■■■■■■■
[19:21:40.2966-07:00] [OPEN] 
■■■■■■■■■■■■■■■■■■■■■■■■■■■■■■■■■■■■■■■■■■■■■■■■■■■■■■■■■■■■■■■■■■■■■■■■■■■■■■■■■■■■■■■■■■■■■■■■■■■■■■■■■■■■■■■■■■■■■■■■

http://www.lyfingenieria.com
Diseño e integracion de tecnolgias electronicas y de computo.
e-mail: benny@lopez-fernandez.com
CONTACTO:
Ofc: 6622603825
Cel: 6623000946
■■■■■■■■■■■■■■■■■■■■■■■■■■■■■■■■■■■■■■■■■■■■■■■■■■■■■■■■■■■■■■■■■■■■■■■■■■■■■■■■■■■■■■■■■■■■■■■■■■■■■■■■■■■■■■■■■■■■■■■■
[21:45:16.1141-07:00] [OPEN] 
■■■■■■■■■■■■■■■■■■■■■■■■■■■■■■■■■■■■■■■■■■■■■■■■■■■■■■■■■■■■■■■■■■■■■■■■■■■■■■■■■■■■■■■■■■■■■■■■■■■■■■■■■■■■■■■■■■■■■■■■

http://www.lyfingenieria.com
Diseño e integracion de tecnolgias electronicas y de computo.
e-mail: benny@lopez-fernandez.com
CONTACTO:
Ofc: 6622603825
Cel: 6623000946
■■■■■■■■■■■■■■■■■■■■■■■■■■■■■■■■■■■■■■■■■■■■■■■■■■■■■■■■■■■■■■■■■■■■■■■■■■■■■■■■■■■■■■■■■■■■■■■■■■■■■■■■■■■■■■■■■■■■■■■■
[21:48:14.3926-07:00] [OPEN] 
■■■■■■■■■■■■■■■■■■■■■■■■■■■■■■■■■■■■■■■■■■■■■■■■■■■■■■■■■■■■■■■■■■■■■■■■■■■■■■■■■■■■■■■■■■■■■■■■■■■■■■■■■■■■■■■■■■■■■■■■

http://www.lyfingenieria.com
Diseño e integracion de tecnolgias electronicas y de computo.
e-mail: benny@lopez-fernandez.com
CONTACTO:
Ofc: 6622603825
Cel: 6623000946
■■■■■■■■■■■■■■■■■■■■■■■■■■■■■■■■■■■■■■■■■■■■■■■■■■■■■■■■■■■■■■■■■■■■■■■■■■■■■■■■■■■■■■■■■■■■■■■■■■■■■■■■■■■■■■■■■■■■■■■■
[21:50:27.0017-07:00] [OPEN] 
■■■■■■■■■■■■■■■■■■■■■■■■■■■■■■■■■■■■■■■■■■■■■■■■■■■■■■■■■■■■■■■■■■■■■■■■■■■■■■■■■■■■■■■■■■■■■■■■■■■■■■■■■■■■■■■■■■■■■■■■

http://www.lyfingenieria.com
Diseño e integracion de tecnolgias electronicas y de computo.
e-mail: benny@lopez-fernandez.com
CONTACTO:
Ofc: 6622603825
Cel: 6623000946
■■■■■■■■■■■■■■■■■■■■■■■■■■■■■■■■■■■■■■■■■■■■■■■■■■■■■■■■■■■■■■■■■■■■■■■■■■■■■■■■■■■■■■■■■■■■■■■■■■■■■■■■■■■■■■■■■■■■■■■■
[21:54:48.1910-07:00] [OPEN] 
■■■■■■■■■■■■■■■■■■■■■■■■■■■■■■■■■■■■■■■■■■■■■■■■■■■■■■■■■■■■■■■■■■■■■■■■■■■■■■■■■■■■■■■■■■■■■■■■■■■■■■■■■■■■■■■■■■■■■■■■

http://www.lyfingenieria.com
Diseño e integracion de tecnolgias electronicas y de computo.
e-mail: benny@lopez-fernandez.com
CONTACTO:
Ofc: 6622603825
Cel: 6623000946
■■■■■■■■■■■■■■■■■■■■■■■■■■■■■■■■■■■■■■■■■■■■■■■■■■■■■■■■■■■■■■■■■■■■■■■■■■■■■■■■■■■■■■■■■■■■■■■■■■■■■■■■■■■■■■■■■■■■■■■■
[21:59:54.7264-07:00] [OPEN] 
■■■■■■■■■■■■■■■■■■■■■■■■■■■■■■■■■■■■■■■■■■■■■■■■■■■■■■■■■■■■■■■■■■■■■■■■■■■■■■■■■■■■■■■■■■■■■■■■■■■■■■■■■■■■■■■■■■■■■■■■

http://www.lyfingenieria.com
Diseño e integracion de tecnolgias electronicas y de computo.
e-mail: benny@lopez-fernandez.com
CONTACTO:
Ofc: 6622603825
Cel: 6623000946
■■■■■■■■■■■■■■■■■■■■■■■■■■■■■■■■■■■■■■■■■■■■■■■■■■■■■■■■■■■■■■■■■■■■■■■■■■■■■■■■■■■■■■■■■■■■■■■■■■■■■■■■■■■■■■■■■■■■■■■■
[22:02:22.5896-07:00] [OPEN] 
■■■■■■■■■■■■■■■■■■■■■■■■■■■■■■■■■■■■■■■■■■■■■■■■■■■■■■■■■■■■■■■■■■■■■■■■■■■■■■■■■■■■■■■■■■■■■■■■■■■■■■■■■■■■■■■■■■■■■■■■

http://www.lyfingenieria.com
Diseño e integracion de tecnolgias electronicas y de computo.
e-mail: benny@lopez-fernandez.com
CONTACTO:
Ofc: 6622603825
Cel: 6623000946
■■■■■■■■■■■■■■■■■■■■■■■■■■■■■■■■■■■■■■■■■■■■■■■■■■■■■■■■■■■■■■■■■■■■■■■■■■■■■■■■■■■■■■■■■■■■■■■■■■■■■■■■■■■■■■■■■■■■■■■■
[22:05:55.7059-07:00] [OPEN] 
■■■■■■■■■■■■■■■■■■■■■■■■■■■■■■■■■■■■■■■■■■■■■■■■■■■■■■■■■■■■■■■■■■■■■■■■■■■■■■■■■■■■■■■■■■■■■■■■■■■■■■■■■■■■■■■■■■■■■■■■

http://www.lyfingenieria.com
Diseño e integracion de tecnolgias electronicas y de computo.
e-mail: benny@lopez-fernandez.com
CONTACTO:
Ofc: 6622603825
Cel: 6623000946
■■■■■■■■■■■■■■■■■■■■■■■■■■■■■■■■■■■■■■■■■■■■■■■■■■■■■■■■■■■■■■■■■■■■■■■■■■■■■■■■■■■■■■■■■■■■■■■■■■■■■■■■■■■■■■■■■■■■■■■■
[22:14:06.5874-07:00] [OPEN] 
